c:\users\14696\desktop\cg\cgui\x64\debug\vc142.pdb
c:\users\14696\desktop\cg\cgui\x64\debug\vc142.idb
c:\users\14696\desktop\cg\cgui\x64\debug\glad.obj
c:\users\14696\desktop\cg\cgui\x64\debug\stb_image.obj
c:\users\14696\desktop\cg\cgui\x64\debug\main.obj
c:\users\14696\desktop\cg\cgui\x64\debug\imgui_widgets.obj
c:\users\14696\desktop\cg\cgui\x64\debug\imgui_tables.obj
c:\users\14696\desktop\cg\cgui\x64\debug\imgui_impl_opengl3.obj
c:\users\14696\desktop\cg\cgui\x64\debug\imgui_impl_glfw.obj
c:\users\14696\desktop\cg\cgui\x64\debug\imgui_draw.obj
c:\users\14696\desktop\cg\cgui\x64\debug\imgui_demo.obj
c:\users\14696\desktop\cg\cgui\x64\debug\imgui.obj
c:\users\14696\desktop\cg\cgui\x64\debug\cgui.pdb
c:\users\14696\desktop\cg\cgui\x64\debug\cgui.tlog\cl.command.1.tlog
c:\users\14696\desktop\cg\cgui\x64\debug\cgui.tlog\cl.read.1.tlog
c:\users\14696\desktop\cg\cgui\x64\debug\cgui.tlog\cl.write.1.tlog
c:\users\14696\desktop\cg\cgui\x64\debug\cgui.tlog\link-cvtres.read.1.tlog
c:\users\14696\desktop\cg\cgui\x64\debug\cgui.tlog\link-cvtres.write.1.tlog
c:\users\14696\desktop\cg\cgui\x64\debug\cgui.tlog\link-rc.read.1.tlog
c:\users\14696\desktop\cg\cgui\x64\debug\cgui.tlog\link-rc.write.1.tlog
c:\users\14696\desktop\cg\cgui\x64\debug\cgui.tlog\link.command.1.tlog
c:\users\14696\desktop\cg\cgui\x64\debug\cgui.tlog\link.read.1.tlog
c:\users\14696\desktop\cg\cgui\x64\debug\cgui.tlog\link.write.1.tlog
