  main.cpp
d:\opengl_shader\openglgame-racingcar\cgui\include\learnopengl\shader.h(56): warning C4101: “e”: 未引用的局部变量
d:\opengl_shader\openglgame-racingcar\cgui\include\learnopengl\filesystem.h(3): warning C4005: “_CRT_SECURE_NO_WARNINGS”: 宏重定义
  d:\opengl_shader\openglgame-racingcar\cgui\main.cpp: note: 参见“_CRT_SECURE_NO_WARNINGS”的前一个定义
d:\opengl_shader\openglgame-racingcar\cgui\include\learnopengl\mesh.h(84): warning C4267: “参数”: 从“size_t”转换到“GLsizei”，可能丢失数据
d:\opengl_shader\openglgame-racingcar\cgui\functional.h(314): warning C4244: “=”: 从“double”转换到“float”，可能丢失数据
d:\opengl_shader\openglgame-racingcar\cgui\functional.h(315): warning C4244: “=”: 从“double”转换到“float”，可能丢失数据
d:\opengl_shader\openglgame-racingcar\cgui\functional.h(359): warning C4244: “=”: 从“double”转换到“float”，可能丢失数据
d:\opengl_shader\openglgame-racingcar\cgui\functional.h(360): warning C4244: “=”: 从“double”转换到“float”，可能丢失数据
d:\opengl_shader\openglgame-racingcar\cgui\functional.h(364): warning C4244: “初始化”: 从“double”转换到“float”，可能丢失数据
d:\opengl_shader\openglgame-racingcar\cgui\functional.h(365): warning C4244: “初始化”: 从“double”转换到“float”，可能丢失数据
d:\opengl_shader\openglgame-racingcar\cgui\functional.h(367): warning C4244: “=”: 从“double”转换到“float”，可能丢失数据
d:\opengl_shader\openglgame-racingcar\cgui\functional.h(368): warning C4244: “=”: 从“double”转换到“float”，可能丢失数据
d:\opengl_shader\openglgame-racingcar\cgui\functional.h(382): warning C4244: “参数”: 从“double”转换到“float”，可能丢失数据
d:\opengl_shader\openglgame-racingcar\cgui\functional.h(387): warning C4244: “初始化”: 从“double”转换到“float”，可能丢失数据
d:\opengl_shader\openglgame-racingcar\cgui\main.cpp(296): warning C4312: “类型强制转换”: 从“unsigned int”转换到更大的“ImTextureID *”
d:\opengl_shader\openglgame-racingcar\cgui\main.cpp(296): warning C4244: “参数”: 从“int”转换到“float”，可能丢失数据
d:\opengl_shader\openglgame-racingcar\cgui\main.cpp(305): warning C4312: “类型强制转换”: 从“unsigned int”转换到更大的“ImTextureID *”
d:\opengl_shader\openglgame-racingcar\cgui\main.cpp(305): warning C4244: “参数”: 从“int”转换到“float”，可能丢失数据
d:\opengl_shader\openglgame-racingcar\cgui\main.cpp(313): warning C4312: “类型强制转换”: 从“unsigned int”转换到更大的“ImTextureID *”
d:\opengl_shader\openglgame-racingcar\cgui\main.cpp(313): warning C4244: “参数”: 从“int”转换到“float”，可能丢失数据
d:\opengl_shader\openglgame-racingcar\cgui\main.cpp(322): warning C4312: “类型强制转换”: 从“unsigned int”转换到更大的“ImTextureID *”
d:\opengl_shader\openglgame-racingcar\cgui\main.cpp(322): warning C4244: “参数”: 从“int”转换到“float”，可能丢失数据
d:\opengl_shader\openglgame-racingcar\cgui\main.cpp(354): warning C4312: “类型强制转换”: 从“unsigned int”转换到更大的“ImTextureID *”
d:\opengl_shader\openglgame-racingcar\cgui\main.cpp(354): warning C4244: “参数”: 从“int”转换到“float”，可能丢失数据
d:\opengl_shader\openglgame-racingcar\cgui\main.cpp(358): warning C4244: “参数”: 从“int”转换到“float”，可能丢失数据
d:\opengl_shader\openglgame-racingcar\cgui\main.cpp(384): warning C4312: “类型强制转换”: 从“unsigned int”转换到更大的“ImTextureID *”
d:\opengl_shader\openglgame-racingcar\cgui\main.cpp(387): warning C4312: “类型强制转换”: 从“unsigned int”转换到更大的“ImTextureID *”
d:\opengl_shader\openglgame-racingcar\cgui\main.cpp(390): warning C4312: “类型强制转换”: 从“unsigned int”转换到更大的“ImTextureID *”
d:\opengl_shader\openglgame-racingcar\cgui\main.cpp(393): warning C4312: “类型强制转换”: 从“unsigned int”转换到更大的“ImTextureID *”
d:\opengl_shader\openglgame-racingcar\cgui\main.cpp(395): warning C4312: “类型强制转换”: 从“unsigned int”转换到更大的“ImTextureID *”
d:\opengl_shader\openglgame-racingcar\cgui\main.cpp(434): warning C4312: “类型强制转换”: 从“unsigned int”转换到更大的“ImTextureID *”
d:\opengl_shader\openglgame-racingcar\cgui\main.cpp(443): warning C4312: “类型强制转换”: 从“unsigned int”转换到更大的“ImTextureID *”
d:\opengl_shader\openglgame-racingcar\cgui\main.cpp(453): warning C4312: “类型强制转换”: 从“unsigned int”转换到更大的“ImTextureID *”
d:\opengl_shader\openglgame-racingcar\cgui\main.cpp(456): warning C4312: “类型强制转换”: 从“unsigned int”转换到更大的“ImTextureID *”
d:\opengl_shader\openglgame-racingcar\cgui\main.cpp(474): warning C4312: “类型强制转换”: 从“unsigned int”转换到更大的“ImTextureID *”
d:\opengl_shader\openglgame-racingcar\cgui\main.cpp(483): warning C4312: “类型强制转换”: 从“unsigned int”转换到更大的“ImTextureID *”
d:\opengl_shader\openglgame-racingcar\cgui\main.cpp(492): warning C4312: “类型强制转换”: 从“unsigned int”转换到更大的“ImTextureID *”
d:\opengl_shader\openglgame-racingcar\cgui\main.cpp(503): warning C4312: “类型强制转换”: 从“unsigned int”转换到更大的“ImTextureID *”
d:\opengl_shader\openglgame-racingcar\cgui\main.cpp(506): warning C4312: “类型强制转换”: 从“unsigned int”转换到更大的“ImTextureID *”
d:\opengl_shader\openglgame-racingcar\cgui\main.cpp(509): warning C4312: “类型强制转换”: 从“unsigned int”转换到更大的“ImTextureID *”
d:\opengl_shader\openglgame-racingcar\cgui\main.cpp(512): warning C4312: “类型强制转换”: 从“unsigned int”转换到更大的“ImTextureID *”
d:\opengl_shader\openglgame-racingcar\cgui\main.cpp(525): warning C4312: “类型强制转换”: 从“unsigned int”转换到更大的“ImTextureID *”
d:\opengl_shader\openglgame-racingcar\cgui\main.cpp(535): warning C4312: “类型强制转换”: 从“unsigned int”转换到更大的“ImTextureID *”
d:\opengl_shader\openglgame-racingcar\cgui\main.cpp(643): warning C4312: “类型强制转换”: 从“unsigned int”转换到更大的“ImTextureID *”
d:\opengl_shader\openglgame-racingcar\cgui\main.cpp(647): warning C4312: “类型强制转换”: 从“unsigned int”转换到更大的“ImTextureID *”
d:\opengl_shader\openglgame-racingcar\cgui\main.cpp(651): warning C4312: “类型强制转换”: 从“unsigned int”转换到更大的“ImTextureID *”
d:\opengl_shader\openglgame-racingcar\cgui\main.cpp(655): warning C4312: “类型强制转换”: 从“unsigned int”转换到更大的“ImTextureID *”
d:\opengl_shader\openglgame-racingcar\cgui\main.cpp(659): warning C4312: “类型强制转换”: 从“unsigned int”转换到更大的“ImTextureID *”
d:\opengl_shader\openglgame-racingcar\cgui\main.cpp(663): warning C4312: “类型强制转换”: 从“unsigned int”转换到更大的“ImTextureID *”
d:\opengl_shader\openglgame-racingcar\cgui\main.cpp(667): warning C4312: “类型强制转换”: 从“unsigned int”转换到更大的“ImTextureID *”
d:\opengl_shader\openglgame-racingcar\cgui\main.cpp(671): warning C4312: “类型强制转换”: 从“unsigned int”转换到更大的“ImTextureID *”
d:\opengl_shader\openglgame-racingcar\cgui\main.cpp(675): warning C4312: “类型强制转换”: 从“unsigned int”转换到更大的“ImTextureID *”
d:\opengl_shader\openglgame-racingcar\cgui\main.cpp(679): warning C4312: “类型强制转换”: 从“unsigned int”转换到更大的“ImTextureID *”
d:\opengl_shader\openglgame-racingcar\cgui\main.cpp(683): warning C4312: “类型强制转换”: 从“unsigned int”转换到更大的“ImTextureID *”
d:\opengl_shader\openglgame-racingcar\cgui\functional.h(500): warning C4172: 返回局部变量或临时变量的地址: param
d:\opengl_shader\openglgame-racingcar\cgui\functional.h(561): warning C4172: 返回局部变量或临时变量的地址: param
d:\opengl_shader\openglgame-racingcar\cgui\functional.h(642): warning C4172: 返回局部变量或临时变量的地址: param
d:\opengl_shader\openglgame-racingcar\cgui\functional.h(715): warning C4172: 返回局部变量或临时变量的地址: param
d:\opengl_shader\openglgame-racingcar\cgui\functional.h(839): warning C4172: 返回局部变量或临时变量的地址: param
d:\opengl_shader\openglgame-racingcar\cgui\functional.h(947): warning C4172: 返回局部变量或临时变量的地址: param
d:\opengl_shader\openglgame-racingcar\cgui\functional.h(1019): warning C4172: 返回局部变量或临时变量的地址: param
d:\opengl_shader\openglgame-racingcar\cgui\functional.h(1095): warning C4172: 返回局部变量或临时变量的地址: param
  CGUI.vcxproj -> D:\Opengl_shader\OpenglGame-RacingCar\CGUI\x64\Debug\CGUI.exe
